d:\iocp_portfolio\server\x64\debug\vc142.pdb
d:\iocp_portfolio\server\x64\debug\vc142.idb
d:\iocp_portfolio\server\x64\debug\srwlockguard.obj
d:\iocp_portfolio\server\x64\debug\srwlock.obj
d:\iocp_portfolio\server\x64\debug\packetprocess.obj
d:\iocp_portfolio\server\x64\debug\gameserver.obj
d:\iocp_portfolio\server\x64\debug\cslockguard.obj
d:\iocp_portfolio\server\x64\debug\criticalsection.obj
d:\iocp_portfolio\server\x64\debug\connmap.obj
d:\iocp_portfolio\server\x64\debug\conn.obj
d:\iocp_portfolio\server\x64\debug\main.obj
d:\iocp_portfolio\server\x64\debug\server.ilk
d:\iocp_portfolio\x64\debug\server.exe
d:\iocp_portfolio\x64\debug\server.pdb
d:\iocp_portfolio\server\x64\debug\server.tlog\cl.command.1.tlog
d:\iocp_portfolio\server\x64\debug\server.tlog\cl.read.1.tlog
d:\iocp_portfolio\server\x64\debug\server.tlog\cl.write.1.tlog
d:\iocp_portfolio\server\x64\debug\server.tlog\link.command.1.tlog
d:\iocp_portfolio\server\x64\debug\server.tlog\link.read.1.tlog
d:\iocp_portfolio\server\x64\debug\server.tlog\link.write.1.tlog
