c:\users\tomjeong\desktop\iocp_portfolio\tcp_lib\debug\tcp_lib.pch
c:\users\tomjeong\desktop\iocp_portfolio\debug\tcp_lib.pdb
c:\users\tomjeong\desktop\iocp_portfolio\debug\tcp_lib.idb
c:\users\tomjeong\desktop\iocp_portfolio\tcp_lib\debug\tcp_lib.pchast
c:\users\tomjeong\desktop\iocp_portfolio\tcp_lib\debug\pch.nativecodeanalysis.sarif
c:\users\tomjeong\desktop\iocp_portfolio\tcp_lib\debug\pch.nativecodeanalysis.xml
c:\users\tomjeong\desktop\iocp_portfolio\tcp_lib\debug\pch.obj
c:\users\tomjeong\desktop\iocp_portfolio\tcp_lib\debug\wsend.nativecodeanalysis.sarif
c:\users\tomjeong\desktop\iocp_portfolio\tcp_lib\debug\wsend.nativecodeanalysis.xml
c:\users\tomjeong\desktop\iocp_portfolio\tcp_lib\debug\wrecv.nativecodeanalysis.sarif
c:\users\tomjeong\desktop\iocp_portfolio\tcp_lib\debug\wrecv.nativecodeanalysis.xml
c:\users\tomjeong\desktop\iocp_portfolio\tcp_lib\debug\error0.nativecodeanalysis.sarif
c:\users\tomjeong\desktop\iocp_portfolio\tcp_lib\debug\error0.nativecodeanalysis.xml
c:\users\tomjeong\desktop\iocp_portfolio\tcp_lib\debug\completionport.nativecodeanalysis.sarif
c:\users\tomjeong\desktop\iocp_portfolio\tcp_lib\debug\completionport.nativecodeanalysis.xml
c:\users\tomjeong\desktop\iocp_portfolio\tcp_lib\debug\basetcp.nativecodeanalysis.sarif
c:\users\tomjeong\desktop\iocp_portfolio\tcp_lib\debug\basetcp.nativecodeanalysis.xml
c:\users\tomjeong\desktop\iocp_portfolio\tcp_lib\debug\basetcp.obj
c:\users\tomjeong\desktop\iocp_portfolio\tcp_lib\debug\completionport.obj
c:\users\tomjeong\desktop\iocp_portfolio\tcp_lib\debug\error0.obj
c:\users\tomjeong\desktop\iocp_portfolio\tcp_lib\debug\wrecv.obj
c:\users\tomjeong\desktop\iocp_portfolio\tcp_lib\debug\wsend.obj
c:\users\tomjeong\desktop\iocp_portfolio\debug\tcp_lib.lib
c:\users\tomjeong\desktop\iocp_portfolio\tcp_lib\debug\vc.nativecodeanalysis.all.xml
c:\users\tomjeong\desktop\iocp_portfolio\tcp_lib\debug\tcp_lib.tlog\cl.command.1.tlog
c:\users\tomjeong\desktop\iocp_portfolio\tcp_lib\debug\tcp_lib.tlog\cl.read.1.tlog
c:\users\tomjeong\desktop\iocp_portfolio\tcp_lib\debug\tcp_lib.tlog\cl.write.1.tlog
c:\users\tomjeong\desktop\iocp_portfolio\tcp_lib\debug\tcp_lib.tlog\lib-link.read.1.tlog
c:\users\tomjeong\desktop\iocp_portfolio\tcp_lib\debug\tcp_lib.tlog\lib-link.write.1.tlog
c:\users\tomjeong\desktop\iocp_portfolio\tcp_lib\debug\tcp_lib.tlog\lib.command.1.tlog
